
Cadence Innovus(TM) Implementation System.
Copyright 2019 Cadence Design Systems, Inc. All rights reserved worldwide.

Version:	v19.10-p002_1, built Fri Apr 19 15:18:11 PDT 2019
Options:	-no_gui 
Date:		Fri Apr 17 09:47:05 2020
Host:		r7arm-aha (x86_64 w/Linux 3.10.0-862.11.6.el7.x86_64) (10cores*20cpus*Common KVM processor 16384KB)
OS:		CentOS Linux release 7.5.1804 (Core) 

License:
		invs	Innovus Implementation System	19.1	checkout succeeded
		8 CPU jobs allowed with the current license(s). Use setMultiCpuUsage to set your required CPU count.
Change the soft stacksize limit to 0.2%RAM (386 mbytes). Set global soft_stack_size_limit to change the value.

**INFO:  MMMC transition support version v31-84 

<CMD> set_global _enable_mmmc_by_default_flow      $CTE::mmmc_default
<CMD> suppressMessage ENCEXT-2799
<CMD> man *net*
<CMD> createNetGroup -help

Usage: createNetGroup [-help] [-mixed_signal] [-spacing <minSpace in tracks>] [ {[-optimizeOrder ]} | -spreadPin | -compact_area ] [-excludePin {allLayer sameLayer allLayerInGuidedArea} [-keep_out_spacing <integer>]] { [<netGroupName> [-net <netNameList>]] | -busSinkGroups <busSinkGroupNameList> }

-help                                     # Prints out the command usage
<netGroupName>                            # Specifies name of the created net group name
                                          # (string, required)
-busSinkGroups <busSinkGroupNameList>     # Specifies list of names of busSinkGroup to create one or
                                          # more net-group. busSinkGroupNameList accepts wildcard
                                          # (string, required)
-compact_area                             # Specifies that pins in the group are assigned tightly
                                          # together. (bool, optional)
-excludePin {allLayer sameLayer allLayerInGuidedArea}
                                          # Specifies that pins in the group exclude foreign pins on
                                          # all layers or same layer. (enum, optional)
-keep_out_spacing <integer>               # Specifies minimum spacing between the pins placed
                                          # oustide of this group, in number of tracks or pitch.
                                          # (int, optional, min=0, max=65535)
-mixed_signal                             # Specifies to identify mixed signal group.
                                          # (bool, optional)
-net <netNameList>                        # Specifies name of the net(s), wildcard can be specified
                                          # (string, optional)
-optimizeOrder                            # Pins in the group are reordered to optimize wire length.
                                          # (bool, optional)
-spacing <minSpace in tracks>             # Specifies minimum spacing between the pins of the net
                                          # group (int, optional)
-spreadPin                                # Specifies that pins in the group are distributed evenly.
                                          # (bool, optional)


<CMD> addNet -help

Usage: addNet [-help] <netName> [-bus <startId:endId>] [-moduleBased <moduleName>] [ -physical  [-power  | -ground ] ]

-help                         # Prints out the command usage
<netName>                     # Name of Net (string, required)
-bus <startId:endId>          # create bus "wire [startId:endId] netName" (string, optional)
-ground                       # net is ground net (bool, optional)
-moduleBased <moduleName>     # Name of verilog module (string, optional)
-physical                     # net is physical (bool, optional)
-power                        # net is power net (bool, optional)


<CMD> globalNetConnect
**ERROR: (IMPSYC-6159):	The <globalNetName> argument is missing, but it is a required argument unless the '-disconnect' option is given.

<CMD> globalNetConnect -help

Usage: globalNetConnect [-help] [<globalNetName>] [-all] [-autoTie] [-disconnect]
                        [-hierarchicalInstance <string>] [-instanceBasename <string>] [-net <string>]
                        [-netlistOverride] [-nonHierarchical] [-override] [-pin <string>]
                        [-powerDomain <string>] [-region {x1 y1 x2 y2}] [-singleInstance <string>]
                        [-type {pgpin tiehi tielo net}] [-verbose]

-help                             # Prints out the command usage
<globalNetName>                   # Name of the global net to be connected. (string, optional)
-all                              # apply to all specified nets/pins (bool, optional)
-autoTie                          # automatically tie off specified P/G pins (bool, optional)
-disconnect                       # disconnect p/g net connection, this option only works with
                                  # -singleInstance/-hierarchicalInstance/-instanceBasename, -type
                                  # pgpin and -pin options. (bool, optional)
-hierarchicalInstance <string>    # hierarchical instance name (string, optional)
-instanceBasename <string>        # cell instance basename pattern (string, optional)
-net <string>                     # net basename pattern (string, optional)
-netlistOverride                  # override netlist connections (bool, optional)
-nonHierarchical                  # non hierarchical cell instance (bool, optional)
-override                         # override existing setting (bool, optional)
-pin <string>                     # pin name pattern (string, optional)
-powerDomain <string>             # power domain name (string, optional)
-region {x1 y1 x2 y2}             # region (box, optional)
-singleInstance <string>          # cell instance name (string, optional)
-type {pgpin tiehi tielo net}     # global net type (enum, optional)
-verbose                          # turn verbose on (bool, optional)


<CMD> attachTerm -help

Usage: attachTerm [-help] <instName> <termName> <netName> [-moduleBased <moduleName>] [-noNewPort]
                  [-pin <refInstName> <refTermName>] [-port <portName>]

-help                                # Prints out the command usage
<instName>                           # Name of Inst (string, required)
<termName>                           # Name of Term (string, required)
<netName>                            # Name of Net (string, required)
-moduleBased <moduleName>            # Name of verilog module (string, optional)
-noNewPort                           # do not create new port if net did not exist at hierarchy of
                                     # term (bool, optional)
-pin <refInstName> <refTermName>     # Using the hterm that used for the refInst term to do the
                                     # connection. (string, optional)
-port <portName>                     # Name of Port on module containing instance (string, optional)


<CMD> man attachTerm

*** Memory Usage v#1 (Current mem = 536.066M, initial mem = 264.684M) ***
*** Message Summary: 0 warning(s), 1 error(s)

--- Ending "Innovus" (totcpu=0:00:12.6, real=0:19:20, mem=536.1M) ---
